<?xml version="1.0" encoding="UTF-8"?>
<!-- Generated by org.testng.reporters.JUnitReportReporter -->
<testsuite hostname="DESKTOP-BJ7HU2O" failures="0" tests="1" name="com.Actitime1.Testscripts.ModifyCustomerTest" time="12.369" errors="0" timestamp="2024-08-23T21:03:55 IST" skipped="0">
  <testcase classname="com.Actitime1.Testscripts.ModifyCustomerTest" name="createCustomerTest" time="12.369">
    <system-out>
      <![CDATA[customer created successfully]]>
    </system-out>
  </testcase> <!-- createCustomerTest -->
  <system-out>
    <![CDATA[customer created successfully
customer created successfully]]>
  </system-out>
</testsuite> <!-- com.Actitime1.Testscripts.ModifyCustomerTest -->
