<?xml version="1.0" encoding="UTF-8"?>
<!-- Generated by org.testng.reporters.JUnitReportReporter -->
<testsuite hostname="DESKTOP-BJ7HU2O" failures="0" tests="1" name="com.Actitime1.Testscripts.LoginUtilization" time="14.260" errors="0" timestamp="2024-08-24T10:17:25 IST" skipped="0">
  <testcase classname="com.Actitime1.Testscripts.LoginUtilization" name="login" time="14.260"/>
</testsuite> <!-- com.Actitime1.Testscripts.LoginUtilization -->
